\BOOKMARK [0][-]{section*.1}{前言}{}% 1
\BOOKMARK [0][-]{section*.3}{目录}{}% 2
\BOOKMARK [0][-]{chapter.1}{导言}{}% 3
\BOOKMARK [0][-]{chapter.2}{保全面子}{}% 4
\BOOKMARK [0][-]{chapter.3}{节俭持家}{}% 5
\BOOKMARK [0][-]{chapter.4}{勤劳刻苦}{}% 6
\BOOKMARK [0][-]{chapter.5}{讲究礼貌}{}% 7
\BOOKMARK [0][-]{chapter.6}{漠视时间}{}% 8
\BOOKMARK [0][-]{chapter.7}{漠视精确}{}% 9
\BOOKMARK [0][-]{chapter.8}{易于误解}{}% 10
\BOOKMARK [0][-]{chapter.9}{拐弯抹角}{}% 11
\BOOKMARK [0][-]{chapter.10}{顺而不从}{}% 12
\BOOKMARK [0][-]{chapter.11}{思绪含混}{}% 13
\BOOKMARK [0][-]{chapter.12}{不紧不慢}{}% 14
\BOOKMARK [0][-]{chapter.13}{轻视外族}{}% 15
\BOOKMARK [0][-]{chapter.14}{缺乏公心}{}% 16
\BOOKMARK [0][-]{chapter.15}{因循守旧}{}% 17
\BOOKMARK [0][-]{chapter.16}{随遇而安}{}% 18
\BOOKMARK [0][-]{chapter.17}{顽强生存}{}% 19
\BOOKMARK [0][-]{chapter.18}{能忍且韧}{}% 20
\BOOKMARK [0][-]{chapter.19}{知足常乐}{}% 21
\BOOKMARK [0][-]{chapter.20}{孝悌为先}{}% 22
\BOOKMARK [0][-]{chapter.21}{仁爱之心}{}% 23
\BOOKMARK [0][-]{chapter.22}{缺乏同情}{}% 24
\BOOKMARK [0][-]{chapter.23}{社会风波}{}% 25
\BOOKMARK [0][-]{chapter.24}{株连守法}{}% 26
\BOOKMARK [0][-]{chapter.25}{相互猜疑}{}% 27
\BOOKMARK [0][-]{chapter.26}{缺乏诚信}{}% 28
\BOOKMARK [0][-]{chapter.27}{多元信仰}{}% 29
\BOOKMARK [0][-]{chapter.28}{中国的现实与时务}{}% 30
